<?xml version="1.0" encoding="UTF-8"?>
<!-- Generated by org.testng.reporters.JUnitXMLReporter -->
<testsuite hostname="jyo.local" ignored="0" name="Test In Google Chrome" tests="2" failures="0" timestamp="10 Mar 2018 20:51:44 GMT" time="0.965" errors="0">
  <testcase name="@BeforeClass openbrowser" time="0.19" classname="Base_class.baseseup_multi_browser2">
    <failure type="java.lang.IllegalStateException" message="The path to the driver executable must be set by the webdriver.gecko.driver system property; for more information, see https://github.com/mozilla/geckodriver. The latest version can be downloaded from https://github.com/mozilla/geckodriver/releases">
      <![CDATA[java.lang.IllegalStateException: The path to the driver executable must be set by the webdriver.gecko.driver system property; for more information, see https://github.com/mozilla/geckodriver. The latest version can be downloaded from https://github.com/mozilla/geckodriver/releases
	at com.google.common.base.Preconditions.checkState(Preconditions.java:847)
	at org.openqa.selenium.remote.service.DriverService.findExecutable(DriverService.java:124)
	at org.openqa.selenium.firefox.GeckoDriverService.access$100(GeckoDriverService.java:41)
	at org.openqa.selenium.firefox.GeckoDriverService$Builder.findDefaultExecutable(GeckoDriverService.java:141)
	at org.openqa.selenium.remote.service.DriverService$Builder.build(DriverService.java:339)
	at org.openqa.selenium.firefox.FirefoxDriver.toExecutor(FirefoxDriver.java:158)
	at org.openqa.selenium.firefox.FirefoxDriver.<init>(FirefoxDriver.java:120)
	at org.openqa.selenium.firefox.FirefoxDriver.<init>(FirefoxDriver.java:98)
	at Base_class.baseseup_multi_browser2.openbrowser(baseseup_multi_browser2.java:22)
	at java.util.concurrent.FutureTask.run(FutureTask.java:266)
	at java.util.concurrent.ThreadPoolExecutor.runWorker(ThreadPoolExecutor.java:1142)
	at java.util.concurrent.ThreadPoolExecutor$Worker.run(ThreadPoolExecutor.java:617)
	at java.lang.Thread.run(Thread.java:748)
... Removed 16 stack frames]]>
    </failure>
  </testcase> <!-- @BeforeClass openbrowser -->
  <testcase name="@AfterClass closebrowser" time="0.0" classname="Base_class.baseseup_multi_browser2">
    <skipped/>
  </testcase> <!-- @AfterClass closebrowser -->
  <testcase name="@BeforeClass openbrowser" time="0.937" classname="Base_class.baseseup_multi_browser2">
    <failure type="org.openqa.selenium.SessionNotCreatedException" message="Unable to find a matching set of capabilities
Build info: version: &amp;apos;3.10.0&amp;apos;, revision: &amp;apos;176b4a9&amp;apos;, time: &amp;apos;2018-03-02T19:10:56.039Z&amp;apos;
System info: host: &amp;apos;jyo.local&amp;apos;, ip: &amp;apos;192.168.0.100&amp;apos;, os.name: &amp;apos;Mac OS X&amp;apos;, os.arch: &amp;apos;x86_64&amp;apos;, os.version: &amp;apos;10.13.3&amp;apos;, java.version: &amp;apos;1.8.0_131&amp;apos;
Driver info: driver.version: ChromeDriver
remote stacktrace: stack backtrace:
   0:        0x10539349e - backtrace::backtrace::trace::h3ab5720c483fe461
   1:        0x1053934dc - backtrace::capture::Backtrace::new::h096accf58447e0d5
   2:        0x1052cc3e5 - webdriver::error::WebDriverError::new::hb28209cec8791fc2
   3:        0x1052cd5c5 - geckodriver::marionette::MarionetteHandler::create_connection::h59a68c8dfef48e54
   4:        0x1052b2d3c - _$LT$webdriver..server..Dispatcher$LT$T$C$$u20$U$GT$$GT$::run::h5a26ba0bb4fdb139
   5:        0x10528b0c5 - std::sys_common::backtrace::__rust_begin_short_backtrace::h3f868f7a1a12bdcc
   6:        0x105295d2d - std::panicking::try::do_call::hfce1ad2a948c3632
   7:        0x10543fa5c - __rust_maybe_catch_panic
   8:        0x1052a8eb5 - _$LT$F$u20$as$u20$alloc..boxed..FnBox$LT$A$GT$$GT$::call_box::h651dedb755194a8c
   9:        0x10543bc4b - std::sys::imp::thread::Thread::new::thread_start::h48c72bb09587cbc3
  10:     0x7fff709de6c0 - _pthread_body
  11:     0x7fff709de56c - _pthread_start">
      <![CDATA[org.openqa.selenium.SessionNotCreatedException: Unable to find a matching set of capabilities
Build info: version: '3.10.0', revision: '176b4a9', time: '2018-03-02T19:10:56.039Z'
System info: host: 'jyo.local', ip: '192.168.0.100', os.name: 'Mac OS X', os.arch: 'x86_64', os.version: '10.13.3', java.version: '1.8.0_131'
Driver info: driver.version: ChromeDriver
remote stacktrace: stack backtrace:
   0:        0x10539349e - backtrace::backtrace::trace::h3ab5720c483fe461
   1:        0x1053934dc - backtrace::capture::Backtrace::new::h096accf58447e0d5
   2:        0x1052cc3e5 - webdriver::error::WebDriverError::new::hb28209cec8791fc2
   3:        0x1052cd5c5 - geckodriver::marionette::MarionetteHandler::create_connection::h59a68c8dfef48e54
   4:        0x1052b2d3c - _$LT$webdriver..server..Dispatcher$LT$T$C$$u20$U$GT$$GT$::run::h5a26ba0bb4fdb139
   5:        0x10528b0c5 - std::sys_common::backtrace::__rust_begin_short_backtrace::h3f868f7a1a12bdcc
   6:        0x105295d2d - std::panicking::try::do_call::hfce1ad2a948c3632
   7:        0x10543fa5c - __rust_maybe_catch_panic
   8:        0x1052a8eb5 - _$LT$F$u20$as$u20$alloc..boxed..FnBox$LT$A$GT$$GT$::call_box::h651dedb755194a8c
   9:        0x10543bc4b - std::sys::imp::thread::Thread::new::thread_start::h48c72bb09587cbc3
  10:     0x7fff709de6c0 - _pthread_body
  11:     0x7fff709de56c - _pthread_start
	at org.openqa.selenium.remote.W3CHandshakeResponse.lambda$new$0(W3CHandshakeResponse.java:57)
	at org.openqa.selenium.remote.W3CHandshakeResponse.lambda$getResponseFunction$2(W3CHandshakeResponse.java:104)
	at org.openqa.selenium.remote.ProtocolHandshake.lambda$createSession$0(ProtocolHandshake.java:123)
	at java.util.stream.ReferencePipeline$3$1.accept(ReferencePipeline.java:193)
	at java.util.Spliterators$ArraySpliterator.tryAdvance(Spliterators.java:958)
	at java.util.stream.ReferencePipeline.forEachWithCancel(ReferencePipeline.java:126)
	at java.util.stream.AbstractPipeline.copyIntoWithCancel(AbstractPipeline.java:498)
	at java.util.stream.AbstractPipeline.copyInto(AbstractPipeline.java:485)
	at java.util.stream.AbstractPipeline.wrapAndCopyInto(AbstractPipeline.java:471)
	at java.util.stream.FindOps$FindOp.evaluateSequential(FindOps.java:152)
	at java.util.stream.AbstractPipeline.evaluate(AbstractPipeline.java:234)
	at java.util.stream.ReferencePipeline.findFirst(ReferencePipeline.java:464)
	at org.openqa.selenium.remote.ProtocolHandshake.createSession(ProtocolHandshake.java:126)
	at org.openqa.selenium.remote.ProtocolHandshake.createSession(ProtocolHandshake.java:73)
	at org.openqa.selenium.remote.HttpCommandExecutor.execute(HttpCommandExecutor.java:138)
	at org.openqa.selenium.remote.service.DriverCommandExecutor.execute(DriverCommandExecutor.java:83)
	at org.openqa.selenium.remote.RemoteWebDriver.execute(RemoteWebDriver.java:601)
	at org.openqa.selenium.remote.RemoteWebDriver.startSession(RemoteWebDriver.java:219)
	at org.openqa.selenium.remote.RemoteWebDriver.<init>(RemoteWebDriver.java:142)
	at org.openqa.selenium.chrome.ChromeDriver.<init>(ChromeDriver.java:181)
	at org.openqa.selenium.chrome.ChromeDriver.<init>(ChromeDriver.java:168)
	at org.openqa.selenium.chrome.ChromeDriver.<init>(ChromeDriver.java:123)
	at Base_class.baseseup_multi_browser2.openbrowser(baseseup_multi_browser2.java:27)
	at java.util.concurrent.FutureTask.run(FutureTask.java:266)
	at java.util.concurrent.ThreadPoolExecutor.runWorker(ThreadPoolExecutor.java:1142)
	at java.util.concurrent.ThreadPoolExecutor$Worker.run(ThreadPoolExecutor.java:617)
	at java.lang.Thread.run(Thread.java:748)
... Removed 20 stack frames]]>
    </failure>
  </testcase> <!-- @BeforeClass openbrowser -->
  <testcase name="@AfterClass closebrowser" time="0.0" classname="Base_class.baseseup_multi_browser2">
    <skipped/>
  </testcase> <!-- @AfterClass closebrowser -->
  <testcase name="login" time="0.0" classname="package2_scripts.logintest">
    <skipped/>
  </testcase> <!-- login -->
  <testcase name="logout" time="0.0" classname="package2_scripts.logintest">
    <skipped/>
  </testcase> <!-- logout -->
</testsuite> <!-- Test In Google Chrome -->
